<?xml version="1.0" encoding="UTF-8"?>
<!-- Generated by org.testng.reporters.JUnitXMLReporter -->
<testsuite ignored="0" hostname="DESKTOP-O77ULDB" failures="0" tests="5" name="ChromeTest" time="68.682" errors="0" timestamp="2023-03-05T23:16:14 IST">
  <testcase classname="testpack.TC04_Allproductaddtocart" name="verifytitle" time="0.124"/>
  <testcase classname="testpack.TC04_Allproductaddtocart" name="validation4" time="1.463"/>
  <testcase classname="testpack.TC02_Logoutfuctionality" name="validation2" time="0.059"/>
  <testcase classname="testpack.TC01_Loginactivity" name="validation" time="0.104"/>
  <testcase classname="testpack.TC03_Addtocartfunctionality" name="validation3" time="0.775"/>
</testsuite> <!-- ChromeTest -->
