<?xml version="1.0" encoding="UTF-8"?>
<!-- Generated by org.testng.reporters.JUnitXMLReporter -->
<testsuite ignored="0" hostname="DESKTOP-O77ULDB" failures="0" tests="5" name="Test" time="79.671" errors="0" timestamp="2023-03-07T22:15:09 IST">
  <testcase classname="testpack.TC04_Allproductaddtocart" name="verifytitle" time="0.587"/>
  <testcase classname="testpack.TC04_Allproductaddtocart" name="validation4" time="1.933"/>
  <testcase classname="testpack.TC02_Logoutfuctionality" name="validation2" time="0.064"/>
  <testcase classname="testpack.TC01_Loginactivity" name="validation" time="0.052"/>
  <testcase classname="testpack.TC03_Addtocartfunctionality" name="validation3" time="0.498"/>
</testsuite> <!-- Test -->
