<?xml version="1.0" encoding="UTF-8"?>
<testng-results ignored="0" total="5" passed="5" failed="0" skipped="0">
  <reporter-output>
  </reporter-output>
  <suite started-at="2023-03-07T22:13:49 IST" name="Suite" finished-at="2023-03-07T22:15:08 IST" duration-ms="79671">
    <groups>
    </groups>
    <test started-at="2023-03-07T22:13:49 IST" name="Test" finished-at="2023-03-07T22:15:08 IST" duration-ms="79671">
      <class name="testpack.TC04_Allproductaddtocart">
        <test-method is-config="true" signature="setup(java.lang.String)[pri:0, instance:testpack.TC04_Allproductaddtocart@2c767a52]" started-at="2023-03-07T22:13:49 IST" name="setup" finished-at="2023-03-07T22:14:22 IST" duration-ms="33028" status="PASS">
          <params>
            <param index="0">
              <value>
                <![CDATA[Chrome]]>
              </value>
            </param>
          </params>
          <reporter-output>
          </reporter-output>
        </test-method> <!-- setup -->
        <test-method signature="verifytitle()[pri:-3, instance:testpack.TC04_Allproductaddtocart@2c767a52]" started-at="2023-03-07T22:14:22 IST" name="verifytitle" finished-at="2023-03-07T22:14:22 IST" duration-ms="587" status="PASS">
          <reporter-output>
          </reporter-output>
        </test-method> <!-- verifytitle -->
        <test-method is-config="true" signature="teardown()[pri:0, instance:testpack.TC04_Allproductaddtocart@2c767a52]" started-at="2023-03-07T22:14:22 IST" name="teardown" finished-at="2023-03-07T22:14:23 IST" duration-ms="970" status="PASS">
          <reporter-output>
          </reporter-output>
        </test-method> <!-- teardown -->
        <test-method is-config="true" signature="setup(java.lang.String)[pri:0, instance:testpack.TC04_Allproductaddtocart@2c767a52]" started-at="2023-03-07T22:14:23 IST" name="setup" finished-at="2023-03-07T22:14:32 IST" duration-ms="9113" status="PASS">
          <params>
            <param index="0">
              <value>
                <![CDATA[Chrome]]>
              </value>
            </param>
          </params>
          <reporter-output>
          </reporter-output>
        </test-method> <!-- setup -->
        <test-method signature="validation4()[pri:0, instance:testpack.TC04_Allproductaddtocart@2c767a52]" started-at="2023-03-07T22:14:32 IST" name="validation4" finished-at="2023-03-07T22:14:34 IST" duration-ms="1933" status="PASS">
          <reporter-output>
          </reporter-output>
        </test-method> <!-- validation4 -->
        <test-method is-config="true" signature="teardown()[pri:0, instance:testpack.TC04_Allproductaddtocart@2c767a52]" started-at="2023-03-07T22:14:34 IST" name="teardown" finished-at="2023-03-07T22:14:35 IST" duration-ms="684" status="PASS">
          <reporter-output>
          </reporter-output>
        </test-method> <!-- teardown -->
      </class> <!-- testpack.TC04_Allproductaddtocart -->
      <class name="testpack.TC02_Logoutfuctionality">
        <test-method is-config="true" signature="setup(java.lang.String)[pri:0, instance:testpack.TC02_Logoutfuctionality@15ff3e9e]" started-at="2023-03-07T22:14:35 IST" name="setup" finished-at="2023-03-07T22:14:46 IST" duration-ms="11344" status="PASS">
          <params>
            <param index="0">
              <value>
                <![CDATA[Chrome]]>
              </value>
            </param>
          </params>
          <reporter-output>
          </reporter-output>
        </test-method> <!-- setup -->
        <test-method signature="validation2()[pri:0, instance:testpack.TC02_Logoutfuctionality@15ff3e9e]" started-at="2023-03-07T22:14:46 IST" name="validation2" finished-at="2023-03-07T22:14:46 IST" duration-ms="64" status="PASS">
          <reporter-output>
          </reporter-output>
        </test-method> <!-- validation2 -->
        <test-method is-config="true" signature="teardown()[pri:0, instance:testpack.TC02_Logoutfuctionality@15ff3e9e]" started-at="2023-03-07T22:14:46 IST" name="teardown" finished-at="2023-03-07T22:14:47 IST" duration-ms="931" status="PASS">
          <reporter-output>
          </reporter-output>
        </test-method> <!-- teardown -->
      </class> <!-- testpack.TC02_Logoutfuctionality -->
      <class name="testpack.TC01_Loginactivity">
        <test-method is-config="true" signature="setup(java.lang.String)[pri:0, instance:testpack.TC01_Loginactivity@5fdcaa40]" started-at="2023-03-07T22:14:47 IST" name="setup" finished-at="2023-03-07T22:14:55 IST" duration-ms="7444" status="PASS">
          <params>
            <param index="0">
              <value>
                <![CDATA[Chrome]]>
              </value>
            </param>
          </params>
          <reporter-output>
          </reporter-output>
        </test-method> <!-- setup -->
        <test-method signature="validation()[pri:1, instance:testpack.TC01_Loginactivity@5fdcaa40]" started-at="2023-03-07T22:14:55 IST" name="validation" finished-at="2023-03-07T22:14:55 IST" duration-ms="52" status="PASS">
          <reporter-output>
          </reporter-output>
        </test-method> <!-- validation -->
        <test-method is-config="true" signature="teardown()[pri:0, instance:testpack.TC01_Loginactivity@5fdcaa40]" started-at="2023-03-07T22:14:55 IST" name="teardown" finished-at="2023-03-07T22:14:56 IST" duration-ms="686" status="PASS">
          <reporter-output>
          </reporter-output>
        </test-method> <!-- teardown -->
      </class> <!-- testpack.TC01_Loginactivity -->
      <class name="testpack.TC03_Addtocartfunctionality">
        <test-method is-config="true" signature="setup(java.lang.String)[pri:0, instance:testpack.TC03_Addtocartfunctionality@6dc17b83]" started-at="2023-03-07T22:14:56 IST" name="setup" finished-at="2023-03-07T22:15:07 IST" duration-ms="11321" status="PASS">
          <params>
            <param index="0">
              <value>
                <![CDATA[Chrome]]>
              </value>
            </param>
          </params>
          <reporter-output>
          </reporter-output>
        </test-method> <!-- setup -->
        <test-method signature="validation3()[pri:0, instance:testpack.TC03_Addtocartfunctionality@6dc17b83]" started-at="2023-03-07T22:15:07 IST" name="validation3" finished-at="2023-03-07T22:15:07 IST" duration-ms="498" status="PASS">
          <reporter-output>
          </reporter-output>
        </test-method> <!-- validation3 -->
        <test-method is-config="true" signature="teardown()[pri:0, instance:testpack.TC03_Addtocartfunctionality@6dc17b83]" started-at="2023-03-07T22:15:07 IST" name="teardown" finished-at="2023-03-07T22:15:08 IST" duration-ms="815" status="PASS">
          <reporter-output>
          </reporter-output>
        </test-method> <!-- teardown -->
      </class> <!-- testpack.TC03_Addtocartfunctionality -->
    </test> <!-- Test -->
  </suite> <!-- Suite -->
</testng-results>
